<?xml version="1.0" encoding="UTF-8"?>
<!-- Generated by org.testng.reporters.JUnitReportReporter -->
<testsuite skipped="0" hostname="DHANUSH" name="com.bank.qa.testcases.HomePageTest" tests="2" failures="0" timestamp="2020-06-21T01:42:10 IST" time="70.457" errors="0">
  <testcase name="verifyHomePageTitleTest" time="14.331" classname="com.bank.qa.testcases.HomePageTest"/>
  <system-out/>
  <testcase name="clickNewCustomerLink" time="56.126" classname="com.bank.qa.testcases.HomePageTest"/>
  <system-out/>
</testsuite> <!-- com.bank.qa.testcases.HomePageTest -->
