<?xml version="1.0" encoding="UTF-8"?>
<!-- Generated by org.testng.reporters.JUnitReportReporter -->
<testsuite skipped="0" hostname="DHANUSH" name="com.bank.qa.testcases.LoginPageTest" tests="3" failures="0" timestamp="2020-06-23T23:20:07 IST" time="74.770" errors="0">
  <testcase name="loginPageTitleTest" time="39.297" classname="com.bank.qa.testcases.LoginPageTest"/>
  <system-out/>
  <testcase name="loginPageLogoTest" time="18.537" classname="com.bank.qa.testcases.LoginPageTest"/>
  <system-out/>
  <testcase name="loginTest" time="16.936" classname="com.bank.qa.testcases.LoginPageTest"/>
  <system-out/>
</testsuite> <!-- com.bank.qa.testcases.LoginPageTest -->
